<?xml version="1.0" encoding="UTF-8"?>
<testng-results ignored="0" total="1" passed="1" failed="0" skipped="0">
  <reporter-output>
  </reporter-output>
  <suite started-at="2024-01-27T17:35:44 IST" name="CrossBrowserTesting" finished-at="2024-01-27T17:35:57 IST" duration-ms="13209">
    <groups>
    </groups>
    <test started-at="2024-01-27T17:35:44 IST" name="Test" finished-at="2024-01-27T17:35:57 IST" duration-ms="13209">
      <class name="day5_19012024.CrossBrowserTesting">
        <test-method signature="launchBrowser(java.lang.String)[pri:0, instance:day5_19012024.CrossBrowserTesting@1d2adfbe]" started-at="2024-01-27T17:35:44 IST" name="launchBrowser" finished-at="2024-01-27T17:35:57 IST" duration-ms="13109" status="PASS">
          <params>
            <param index="0">
              <value>
                <![CDATA[Edge]]>
              </value>
            </param>
          </params>
          <reporter-output>
          </reporter-output>
        </test-method> <!-- launchBrowser -->
      </class> <!-- day5_19012024.CrossBrowserTesting -->
    </test> <!-- Test -->
  </suite> <!-- CrossBrowserTesting -->
</testng-results>
